<?xml version="1.0" encoding="UTF-8"?>
<testsuite xmlns:xsi="http://www.w3.org/2001/XMLSchema-instance" xsi:noNamespaceSchemaLocation="https://maven.apache.org/surefire/maven-surefire-plugin/xsd/surefire-test-report-3.0.xsd" version="3.0" name="Task_1" time="51.33" tests="2" errors="0" skipped="0" failures="0">
  <properties>
[...]
</properties>
  <testcase name="Login as Mike" classname="Task_1" time="26.078">
    <system-out><![CDATA[	This is coming from Before Method
Batch2 was here
I open browser and navigate to kraftech web page
dashboard text received
clicked on developer menu
	This is coming from After Method
]]></system-out>
    <system-err><![CDATA[Ara 16, 2022 7:14:17 ÖS org.openqa.selenium.remote.ProtocolHandshake createSession
INFO: Detected dialect: W3C
]]></system-err>
  </testcase>
  <testcase name="Login as Jhon Nash" classname="Task_1" time="25.252">
    <system-out><![CDATA[	This is coming from Before Method
Batch2 was here
I open browser and navigate to kraftech web page
clipboard text received 
went to profile and get user text
	This is coming from After Method
]]></system-out>
    <system-err><![CDATA[Ara 16, 2022 7:14:43 ÖS org.openqa.selenium.remote.ProtocolHandshake createSession
INFO: Detected dialect: W3C
]]></system-err>
  </testcase>
</testsuite>